<?xml version="1.0" encoding="UTF-8"?>
<!-- Generated by org.testng.reporters.JUnitReportReporter -->
<testsuite skipped="0" hostname="DESKTOP-72TFST5" name="com.qa.rest.tests.CreateCustomerPostCall" tests="1" failures="0" timestamp="24 Apr 2019 15:08:15 GMT" time="1.604" errors="0">
  <testcase name="CustomerPostcall" time="1.604" classname="com.qa.rest.tests.CreateCustomerPostCall"/>
</testsuite> <!-- com.qa.rest.tests.CreateCustomerPostCall -->
