<?xml version="1.0" encoding="UTF-8"?>
<!-- Generated by org.testng.reporters.JUnitReportReporter -->
<testsuite skipped="0" hostname="DESKTOP-72TFST5" name="com.qa.rest.tests.WeatherGetTests" tests="2" failures="0" timestamp="24 Apr 2019 15:11:29 GMT" time="2.367" errors="0">
  <testcase name="getWeatherdetailsforIncorrectCity" time="0.191" classname="com.qa.rest.tests.WeatherGetTests"/>
  <testcase name="getWeatherdetails" time="2.176" classname="com.qa.rest.tests.WeatherGetTests"/>
</testsuite> <!-- com.qa.rest.tests.WeatherGetTests -->
